app/build/outputs/mapping/release/seeds.txt
com.loop.resistorcolorcode.MainActivity
com.loop.resistorcolorcode.MainActivity: MainActivity()
com.loop.resistorcolorcode.R$anim: int abc_fade_in
com.loop.resistorcolorcode.R$anim: int abc_fade_out
com.loop.resistorcolorcode.R$anim: int abc_grow_fade_in_from_bottom
com.loop.resistorcolorcode.R$anim: int abc_popup_enter
com.loop.resistorcolorcode.R$anim: int abc_popup_exit
com.loop.resistorcolorcode.R$anim: int abc_shrink_fade_out_from_bottom
com.loop.resistorcolorcode.R$anim: int abc_slide_in_bottom
com.loop.resistorcolorcode.R$anim: int abc_slide_in_top
com.loop.resistorcolorcode.R$anim: int abc_slide_out_bottom
com.loop.resistorcolorcode.R$anim: int abc_slide_out_top
com.loop.resistorcolorcode.R$anim: int abc_tooltip_enter
com.loop.resistorcolorcode.R$anim: int abc_tooltip_exit
com.loop.resistorcolorcode.R$array: int COLOR_Digit
com.loop.resistorcolorcode.R$array: int COLOR_Multiplier
com.loop.resistorcolorcode.R$array: int COLOR_TempCoeff
com.loop.resistorcolorcode.R$array: int COLOR_Tolerance
com.loop.resistorcolorcode.R$attr: int actionBarDivider
com.loop.resistorcolorcode.R$attr: int actionBarItemBackground
com.loop.resistorcolorcode.R$attr: int actionBarPopupTheme
com.loop.resistorcolorcode.R$attr: int actionBarSize
com.loop.resistorcolorcode.R$attr: int actionBarSplitStyle
com.loop.resistorcolorcode.R$attr: int actionBarStyle
com.loop.resistorcolorcode.R$attr: int actionBarTabBarStyle
com.loop.resistorcolorcode.R$attr: int actionBarTabStyle
com.loop.resistorcolorcode.R$attr: int actionBarTabTextStyle
com.loop.resistorcolorcode.R$attr: int actionBarTheme
com.loop.resistorcolorcode.R$attr: int actionBarWidgetTheme
com.loop.resistorcolorcode.R$attr: int actionButtonStyle
com.loop.resistorcolorcode.R$attr: int actionDropDownStyle
com.loop.resistorcolorcode.R$attr: int actionLayout
com.loop.resistorcolorcode.R$attr: int actionMenuTextAppearance
com.loop.resistorcolorcode.R$attr: int actionMenuTextColor
com.loop.resistorcolorcode.R$attr: int actionModeBackground
com.loop.resistorcolorcode.R$attr: int actionModeCloseButtonStyle
com.loop.resistorcolorcode.R$attr: int actionModeCloseDrawable
com.loop.resistorcolorcode.R$attr: int actionModeCopyDrawable
com.loop.resistorcolorcode.R$attr: int actionModeCutDrawable
com.loop.resistorcolorcode.R$attr: int actionModeFindDrawable
com.loop.resistorcolorcode.R$attr: int actionModePasteDrawable
com.loop.resistorcolorcode.R$attr: int actionModePopupWindowStyle
com.loop.resistorcolorcode.R$attr: int actionModeSelectAllDrawable
com.loop.resistorcolorcode.R$bool: int abc_action_bar_embed_tabs
com.loop.resistorcolorcode.R$bool: int abc_allow_stacked_button_bar
com.loop.resistorcolorcode.R$bool: int abc_config_actionMenuItemAllCaps
...
android.support.v7.widget.AppCompatMultiAutoCompleteTextView: void setDropDownBackgroundResource(int)
android.support.v7.widget.AppCompatMultiAutoCompleteTextView: void setBackgroundResource(int)
android.support.v7.widget.AppCompatMultiAutoCompleteTextView: void setBackgroundDrawable(android.graphics.drawable.Drawable)
android.support.v7.widget.AppCompatMultiAutoCompleteTextView: void setSupportBackgroundTintList(android.content.res.ColorStateList)
android.support.v7.widget.AppCompatMultiAutoCompleteTextView: android.content.res.ColorStateList getSupportBackgroundTintList()
android.support.v7.widget.AppCompatMultiAutoCompleteTextView: void setSupportBackgroundTintMode(android.graphics.PorterDuff$Mode)
android.support.v7.widget.AppCompatMultiAutoCompleteTextView: android.graphics.PorterDuff$Mode getSupportBackgroundTintMode()
android.support.v7.widget.AppCompatRadioButton: void setButtonDrawable(android.graphics.drawable.Drawable)
android.support.v7.widget.AppCompatRadioButton: void setButtonDrawable(int)
android.support.v7.widget.AppCompatRadioButton: int getCompoundPaddingLeft()
android.support.v7.widget.AppCompatRadioButton: void setSupportButtonTintList(android.content.res.ColorStateList)
android.support.v7.widget.AppCompatRadioButton: android.content.res.ColorStateList getSupportButtonTintList()
android.support.v7.widget.AppCompatRadioButton: void setSupportButtonTintMode(android.graphics.PorterDuff$Mode)
android.support.v7.widget.AppCompatRadioButton: android.graphics.PorterDuff$Mode getSupportButtonTintMode()
android.support.v7.widget.AppCompatSpinner: android.content.Context getPopupContext()
android.support.v7.widget.AppCompatSpinner: void setPopupBackgroundDrawable(android.graphics.drawable.Drawable)
android.support.v7.widget.AppCompatSpinner: void setPopupBackgroundResource(int)
android.support.v7.widget.AppCompatSpinner: android.graphics.drawable.Drawable getPopupBackground()
android.support.v7.widget.AppCompatSpinner: void setDropDownVerticalOffset(int)
android.support.v7.widget.AppCompatSpinner: int getDropDownVerticalOffset()
android.support.v7.widget.AppCompatSpinner: void setDropDownHorizontalOffset(int)
android.support.v7.widget.AppCompatSpinner: int getDropDownHorizontalOffset()
android.support.v7.widget.AppCompatSpinner: void setDropDownWidth(int)
android.support.v7.widget.AppCompatSpinner: int getDropDownWidth()
android.support.v7.widget.AppCompatSpinner: void setAdapter(android.widget.SpinnerAdapter)
android.support.v7.widget.AppCompatSpinner: void setPrompt(java.lang.CharSequence)
android.support.v7.widget.AppCompatSpinner: java.lang.CharSequence getPrompt()
android.support.v7.widget.AppCompatSpinner: void setBackgroundResource(int)
android.support.v7.widget.AppCompatSpinner: void setBackgroundDrawable(android.graphics.drawable.Drawable)
android.support.v7.widget.AppCompatSpinner: void setSupportBackgroundTintList(android.content.res.ColorStateList)
android.support.v7.widget.AppCompatSpinner: android.content.res.ColorStateList getSupportBackgroundTintList()