app/build/outputs/mapping/release/mapping.txt
com.loop.resistorcolorcode.CustomGrid -> com.loop.resistorcolorcode.a:
    android.content.Context mContext -> a
    int[] colorId -> b
    void <init>(android.content.Context,int[]) -> <init>
    int getCount() -> getCount
    java.lang.Object getItem(int) -> getItem
    long getItemId(int) -> getItemId
    android.view.View getView(int,android.view.View,android.view.ViewGroup) -> getView
com.loop.resistorcolorcode.CustomGrid$ViewHolder -> com.loop.resistorcolorcode.a$a:
    android.widget.TextView textView -> a
    com.loop.resistorcolorcode.CustomGrid this$0 -> b
    void <init>(com.loop.resistorcolorcode.CustomGrid,android.view.View) -> <init>
com.loop.resistorcolorcode.MainActivity -> com.loop.resistorcolorcode.MainActivity:
    android.support.v4.app.FragmentManager fragmentManager -> j
    android.widget.Button Information -> k
    com.google.android.gms.ads.AdView adView -> l
    void <init>() -> <init>
    void onCreate(android.os.Bundle) -> onCreate
    void onBackPressed() -> onBackPressed
com.loop.resistorcolorcode.MainActivity$1 -> com.loop.resistorcolorcode.MainActivity$1:
    com.loop.resistorcolorcode.MainActivity this$0 -> a
    void <init>(com.loop.resistorcolorcode.MainActivity) -> <init>
    void onClick(android.view.View) -> onClick
...
com.google.android.gms.internal.ads.zzayh -> com.google.android.gms.internal.ads.xl:
    android.os.Handler zzelc -> a
    java.lang.Object mLock -> c
    boolean zzeld -> d
    java.lang.String zzeiz -> e
    boolean zzele -> b
    boolean zzelf -> f
    java.util.regex.Pattern zzelg -> g
    java.util.regex.Pattern zzelh -> h
    void zza$59850860(android.content.Context,java.lang.String,java.net.HttpURLConnection) -> a
    boolean zzah(android.content.Context) -> a
    boolean zzn(android.content.Context,java.lang.String) -> a
    void zza(android.content.Context,java.lang.String,java.util.List) -> a
    void zzc(android.content.Context,java.lang.String,java.lang.String) -> a
    void zza(android.content.Context,java.util.List) -> a
    java.lang.String zza(java.io.InputStreamReader) -> a
    boolean zzaj(android.content.Context) -> b
    void zza(android.content.Context,java.lang.String,android.webkit.WebSettings) -> a
    java.lang.String zzzr() -> d
    java.lang.String zzo(android.content.Context,java.lang.String) -> b
    java.lang.String zzak(android.content.Context) -> c
    java.lang.String zzdx(java.lang.String) -> a
    org.json.JSONObject zzn(java.util.Map) -> a
    org.json.JSONObject zza$3beb18b3(android.os.Bundle) -> a
    org.json.JSONObject zze(android.os.Bundle) -> b
    org.json.JSONArray zza(java.util.Collection) -> a
    void zza(org.json.JSONArray,java.lang.Object) -> a
    void zza(org.json.JSONObject,java.lang.String,java.lang.Object) -> a
com.google.android.gms.internal.ads.zzayi -> com.google.android.gms.internal.ads.xm:
    com.google.android.gms.internal.ads.zzayh zzeli -> a
    android.content.Context zzcmy -> b
    void <init>(com.google.android.gms.internal.ads.zzayh,android.content.Context) -> <init>
    java.lang.Object call() -> call
com.google.android.gms.internal.ads.zzayj -> com.google.android.gms.internal.ads.xn:
    com.google.android.gms.internal.ads.zzayh zzeli -> a
    android.content.Context zzcmy -> b
    void <init>(com.google.android.gms.internal.ads.zzayh,android.content.Context) -> <init>
    java.lang.Object call() -> call
com.google.android.gms.internal.ads.zzayk -> com.google.android.gms.internal.ads.xo:
    java.util.List zzelj -> a
    com.google.android.gms.internal.ads.zzabk zzelk -> b
    android.content.Context val$context -> c
    void <init>(java.util.List,com.google.android.gms.internal.ads.zzabk,android.content.Context) -> <init>
    void zzrm() -> a
com.google.android.gms.internal.ads.zzayl -> com.google.android.gms.internal.ads.xp:
    android.content.Context val$context -> a
    com.google.android.gms.internal.ads.zzayh zzell -> b
    void <init>(com.google.android.gms.internal.ads.zzayh,android.content.Context) -> <init>
    void run() -> run
com.google.android.gms.internal.ads.zzaym -> com.google.android.gms.internal.ads.xq:
    android.content.Context val$context -> a
    java.lang.String zzelm -> b
    void <init>(android.content.Context,java.lang.String) -> <init>
    void zzed(java.lang.String) -> a
com.google.android.gms.internal.ads.zzayn -> com.google.android.gms.internal.ads.xr:
    void <init>() -> <init>
    void onReceive(android.content.Context,android.content.Intent) -> onReceive
    void <init>(byte) -> <init>
com.google.android.gms.internal.ads.zzayo -> com.google.android.gms.internal.ads.xs:
    com.google.android.gms.internal.ads.zzayh zzell -> a
    void <init>(com.google.android.gms.internal.ads.zzayh) -> <init>
    void onReceive(android.content.Context,android.content.Intent) -> onReceive
    void <init>(com.google.android.gms.internal.ads.zzayh,byte) -> <init>