app/build/outputs/mapping/release/usage.txt
com.loop.resistorcolorcode.BuildConfig
com.loop.resistorcolorcode.R
com.loop.resistorcolorcode.R$anim
com.loop.resistorcolorcode.R$array
com.loop.resistorcolorcode.R$attr
com.loop.resistorcolorcode.R$bool
com.loop.resistorcolorcode.R$color
com.loop.resistorcolorcode.R$dimen
com.loop.resistorcolorcode.R$drawable
com.loop.resistorcolorcode.R$id
com.loop.resistorcolorcode.R$integer
com.loop.resistorcolorcode.R$layout
com.loop.resistorcolorcode.R$string
com.loop.resistorcolorcode.R$style
com.loop.resistorcolorcode.R$styleable
...
android.support.customview.R
android.support.customview.R$attr
android.support.customview.R$color
android.support.customview.R$dimen
android.support.customview.R$drawable
android.support.customview.R$id
android.support.customview.R$integer
android.support.customview.R$layout
android.support.customview.R$string
android.support.customview.R$style
android.support.customview.R$styleable
android.support.design.widget.CoordinatorLayout
android.support.design.widget.CoordinatorLayout$1
android.support.design.widget.CoordinatorLayout$AttachedBehavior
android.support.design.widget.CoordinatorLayout$Behavior
android.support.design.widget.CoordinatorLayout$DefaultBehavior
android.support.design.widget.CoordinatorLayout$DispatchChangeEvent
android.support.design.widget.CoordinatorLayout$HierarchyChangeListener
android.support.design.widget.CoordinatorLayout$LayoutParams
android.support.design.widget.CoordinatorLayout$OnPreDrawListener
android.support.design.widget.CoordinatorLayout$SavedState
android.support.design.widget.CoordinatorLayout$SavedState$1
android.support.design.widget.CoordinatorLayout$ViewElevationComparator
android.support.documentfile.R
android.support.drawerlayout.R
android.support.drawerlayout.R$attr
android.support.drawerlayout.R$color
android.support.drawerlayout.R$dimen
android.support.drawerlayout.R$drawable
android.support.drawerlayout.R$id
android.support.drawerlayout.R$integer
android.support.drawerlayout.R$layout
android.support.drawerlayout.R$string
android.support.drawerlayout.R$style
android.support.drawerlayout.R$styleable
android.support.fragment.R
android.support.fragment.R$attr
android.support.fragment.R$color
android.support.fragment.R$dimen
android.support.fragment.R$drawable
android.support.fragment.R$id
android.support.fragment.R$integer
android.support.fragment.R$layout
android.support.fragment.R$string
android.support.fragment.R$style
android.support.fragment.R$styleable
android.support.graphics.drawable.AndroidResources:
    static final int STYLEABLE_VECTOR_DRAWABLE_ALPHA
    static final int STYLEABLE_VECTOR_DRAWABLE_AUTO_MIRRORED
    static final int STYLEABLE_VECTOR_DRAWABLE_HEIGHT
    static final int STYLEABLE_VECTOR_DRAWABLE_NAME
    static final int STYLEABLE_VECTOR_DRAWABLE_TINT
    static final int STYLEABLE_VECTOR_DRAWABLE_TINT_MODE
    static final int STYLEABLE_VECTOR_DRAWABLE_VIEWPORT_HEIGHT
    static final int STYLEABLE_VECTOR_DRAWABLE_VIEWPORT_WIDTH
    static final int STYLEABLE_VECTOR_DRAWABLE_WIDTH
    static final int STYLEABLE_VECTOR_DRAWABLE_GROUP_NAME
    static final int STYLEABLE_VECTOR_DRAWABLE_GROUP_PIVOT_X
    static final int STYLEABLE_VECTOR_DRAWABLE_GROUP_PIVOT_Y
    static final int STYLEABLE_VECTOR_DRAWABLE_GROUP_ROTATION
    static final int STYLEABLE_VECTOR_DRAWABLE_GROUP_SCALE_X
    static final int STYLEABLE_VECTOR_DRAWABLE_GROUP_SCALE_Y
    static final int STYLEABLE_VECTOR_DRAWABLE_GROUP_TRANSLATE_X
    static final int STYLEABLE_VECTOR_DRAWABLE_GROUP_TRANSLATE_Y
    static final int STYLEABLE_VECTOR_DRAWABLE_PATH_FILL_ALPHA
    static final int STYLEABLE_VECTOR_DRAWABLE_PATH_FILL_COLOR
    static final int STYLEABLE_VECTOR_DRAWABLE_PATH_NAME
    static final int STYLEABLE_VECTOR_DRAWABLE_PATH_PATH_DATA
    static final int STYLEABLE_VECTOR_DRAWABLE_PATH_STROKE_ALPHA
    static final int STYLEABLE_VECTOR_DRAWABLE_PATH_STROKE_COLOR
    static final int STYLEABLE_VECTOR_DRAWABLE_PATH_STROKE_LINE_CAP
android.support.graphics.drawable.Animatable2Compat:
    public abstract void registerAnimationCallback(android.support.graphics.drawable.Animatable2Compat$AnimationCallback)
    public abstract boolean unregisterAnimationCallback(android.support.graphics.drawable.Animatable2Compat$AnimationCallback)
    public abstract void clearAnimationCallbacks()
android.support.graphics.drawable.Animatable2Compat$AnimationCallback
android.support.graphics.drawable.Animatable2Compat$AnimationCallback$1